test_foo5-error.chpl:16: error: Cannot resolve call to 'foo': ambiguity
test_foo5-error.chpl:17: error: Cannot resolve call to 'foo': ambiguity
