incompatible-type2.chpl:3: In function 'test':
incompatible-type2.chpl:6: error: type mismatch between declared type and initialization expression
incompatible-type2.chpl:8: error: type mismatch between declared type and initialization expression
