incompatible-type1.chpl:5: In function 'test':
incompatible-type1.chpl:8: error: unable to resolve call to 'init=': no matching candidates
incompatible-type1.chpl:10: error: unable to resolve call to 'init=': no matching candidates
