test_query_field11.chpl:13: error: unable to resolve call to 'foo': no matching candidates
test_query_field11.chpl:9: note: the following candidate didn't match because an actual couldn't be passed to a formal
test_query_field11.chpl:1: note: the following candidate didn't match because an actual couldn't be passed to a formal
test_query_field11.chpl:13: note: omitting 1 more candidates that didn't match
test_query_field11.chpl:14: error: unable to resolve call to 'foo': no matching candidates
test_query_field11.chpl:9: note: the following candidate didn't match because an actual couldn't be passed to a formal
test_query_field11.chpl:5: note: the following candidate didn't match because an actual couldn't be passed to a formal
test_query_field11.chpl:14: note: omitting 1 more candidates that didn't match
test_query_field11.chpl:15: error: unable to resolve call to 'foo': no matching candidates
test_query_field11.chpl:9: note: the following candidate didn't match because an actual couldn't be passed to a formal
test_query_field11.chpl:5: note: the following candidate didn't match because an actual couldn't be passed to a formal
test_query_field11.chpl:15: note: omitting 1 more candidates that didn't match
test_query_field11.chpl:16: error: unable to resolve call to 'foo': no matching candidates
test_query_field11.chpl:9: note: the following candidate didn't match because an actual couldn't be passed to a formal
test_query_field11.chpl:5: note: the following candidate didn't match because an actual couldn't be passed to a formal
test_query_field11.chpl:16: note: omitting 1 more candidates that didn't match
