$CHPL_HOME/modules/internal/ChapelTuple.chpl:257: In iterator 'these':
$CHPL_HOME/modules/internal/ChapelTuple.chpl:266: error: invalid access of non-homogeneous tuple by runtime value
zipHetTuple.chpl:36: error: cannot iterate over this loop's iterand
