test_clone_class1_old.chpl:8: error: unable to resolve call to 'foo': no matching candidates
test_clone_class1_old.chpl:1: note: the type constructor for 'foo' didn't match because an actual couldn't be passed to a formal
test_clone_class1_old.chpl:8: error: invalid class type construction
