method-of-parent-record-1.chpl:10: error: unable to resolve call to 'test': no matching candidates
method-of-parent-record-1.chpl:5: error: invalid parent class expression
